E:\0821出版本\TRUNK\DIAMOND\PROJ.WIN32\DEBUG.WIN32\WINLAYER.OBJ
E:\0821出版本\TRUNK\DIAMOND\PROJ.WIN32\DEBUG.WIN32\FIGHTSCENE.OBJ
E:\0821出版本\TRUNK\DIAMOND\PROJ.WIN32\DEBUG.WIN32\LOGINSCENE.OBJ
E:\0821出版本\TRUNK\DIAMOND\PROJ.WIN32\DEBUG.WIN32\MAINSCENE.OBJ
E:\0821出版本\TRUNK\DIAMOND\PROJ.WIN32\DEBUG.WIN32\BUTTON.OBJ
E:\0821出版本\TRUNK\DIAMOND\PROJ.WIN32\DEBUG.WIN32\CCGRIDVIEW.OBJ
E:\0821出版本\TRUNK\DIAMOND\PROJ.WIN32\DEBUG.WIN32\CCTABLEVIEWEX.OBJ
E:\0821出版本\TRUNK\DIAMOND\PROJ.WIN32\DEBUG.WIN32\COPYGRIDVIEWCELL.OBJ
E:\0821出版本\TRUNK\DIAMOND\PROJ.WIN32\DEBUG.WIN32\COPYSTAR.OBJ
E:\0821出版本\TRUNK\DIAMOND\PROJ.WIN32\DEBUG.WIN32\GAINSTAR.OBJ
E:\0821出版本\TRUNK\DIAMOND\PROJ.WIN32\DEBUG.WIN32\GEMCELLEX.OBJ
E:\0821出版本\TRUNK\DIAMOND\PROJ.WIN32\DEBUG.WIN32\PROPBUTTON.OBJ
E:\0821出版本\TRUNK\DIAMOND\PROJ.WIN32\DEBUG.WIN32\HPLABEL.OBJ
E:\0821出版本\TRUNK\DIAMOND\PROJ.WIN32\DEBUG.WIN32\MAPTABLEVIEWCELL.OBJ
E:\0821出版本\TRUNK\DIAMOND\PROJ.WIN32\DEBUG.WIN32\MONSTERNODE.OBJ
E:\0821出版本\TRUNK\DIAMOND\PROJ.WIN32\DEBUG.WIN32\SKILLBUTTON.OBJ
E:\0821出版本\TRUNK\DIAMOND\PROJ.WIN32\DEBUG.WIN32\STORECHILDSPRITE.OBJ
E:\0821出版本\TRUNK\DIAMOND\PROJ.WIN32\DEBUG.WIN32\STORETABLEVIEWCELL.OBJ
E:\0821出版本\TRUNK\DIAMOND\PROJ.WIN32\DEBUG.WIN32\WAVELABEL.OBJ
E:\0821出版本\TRUNK\DIAMOND\PROJ.WIN32\DEBUG.WIN32\MAIN.OBJ
E:\0821出版本\TRUNK\DIAMOND\PROJ.WIN32\DEBUG.WIN32\BUYPROPITEMLAYER.OBJ
E:\0821出版本\TRUNK\DIAMOND\PROJ.WIN32\DEBUG.WIN32\BUYPROPLAYER.OBJ
E:\0821出版本\TRUNK\DIAMOND\PROJ.WIN32\DEBUG.WIN32\COPYLAYER.OBJ
E:\0821出版本\TRUNK\DIAMOND\PROJ.WIN32\DEBUG.WIN32\DAILYREWORDLAYER.OBJ
E:\0821出版本\TRUNK\DIAMOND\PROJ.WIN32\DEBUG.WIN32\EFFECTLAYER.OBJ
E:\0821出版本\TRUNK\DIAMOND\PROJ.WIN32\DEBUG.WIN32\ENERGYLAYER.OBJ
E:\0821出版本\TRUNK\DIAMOND\PROJ.WIN32\DEBUG.WIN32\FREEGOLDLAYER.OBJ
E:\0821出版本\TRUNK\DIAMOND\PROJ.WIN32\DEBUG.WIN32\LOSELAYER.OBJ
E:\0821出版本\TRUNK\DIAMOND\PROJ.WIN32\DEBUG.WIN32\MAPLAYER.OBJ
E:\0821出版本\TRUNK\DIAMOND\PROJ.WIN32\DEBUG.WIN32\MENULAYER.OBJ
E:\0821出版本\TRUNK\DIAMOND\PROJ.WIN32\DEBUG.WIN32\MONSTERLAYER.OBJ
E:\0821出版本\TRUNK\DIAMOND\PROJ.WIN32\DEBUG.WIN32\MUSICLAYER.OBJ
E:\0821出版本\TRUNK\DIAMOND\PROJ.WIN32\DEBUG.WIN32\PROPLAYER.OBJ
E:\0821出版本\TRUNK\DIAMOND\PROJ.WIN32\DEBUG.WIN32\SHIELDLAYER.OBJ
E:\0821出版本\TRUNK\DIAMOND\PROJ.WIN32\DEBUG.WIN32\SKILLLAYER.OBJ
E:\0821出版本\TRUNK\DIAMOND\PROJ.WIN32\DEBUG.WIN32\STORELAYER.OBJ
E:\0821出版本\TRUNK\DIAMOND\PROJ.WIN32\DEBUG.WIN32\TIMELAYER.OBJ
E:\0821出版本\TRUNK\DIAMOND\PROJ.WIN32\DEBUG.WIN32\TOPLAYER.OBJ
E:\0821出版本\TRUNK\DIAMOND\PROJ.WIN32\DEBUG.WIN32\WALLHPLAYER.OBJ
E:\0821出版本\TRUNK\DIAMOND\PROJ.WIN32\DEBUG.WIN32\WALLLAYER.OBJ
E:\0821出版本\TRUNK\DIAMOND\PROJ.WIN32\DEBUG.WIN32\PROPDATA.OBJ
E:\0821出版本\TRUNK\DIAMOND\PROJ.WIN32\DEBUG.WIN32\SCENESTATUSDATA.OBJ
E:\0821出版本\TRUNK\DIAMOND\PROJ.WIN32\DEBUG.WIN32\SPRITESKILLDATA.OBJ
E:\0821出版本\TRUNK\DIAMOND\PROJ.WIN32\DEBUG.WIN32\SPRITESKILLMANAGER.OBJ
E:\0821出版本\TRUNK\DIAMOND\PROJ.WIN32\DEBUG.WIN32\STATUSDATA.OBJ
E:\0821出版本\TRUNK\DIAMOND\PROJ.WIN32\DEBUG.WIN32\STOREDATA.OBJ
E:\0821出版本\TRUNK\DIAMOND\PROJ.WIN32\DEBUG.WIN32\USERDATA.OBJ
E:\0821出版本\TRUNK\DIAMOND\PROJ.WIN32\DEBUG.WIN32\BASEPLATFORMCENTER.OBJ
E:\0821出版本\TRUNK\DIAMOND\PROJ.WIN32\DEBUG.WIN32\GAMEPLATFORM.OBJ
E:\0821出版本\TRUNK\DIAMOND\PROJ.WIN32\DEBUG.WIN32\OFFICIALPLATFORMCENTER.OBJ
E:\0821出版本\TRUNK\DIAMOND\PROJ.WIN32\DEBUG.WIN32\SOUNDMANAGER.OBJ
E:\0821出版本\TRUNK\DIAMOND\PROJ.WIN32\DEBUG.WIN32\TINYSTR.OBJ
E:\0821出版本\TRUNK\DIAMOND\PROJ.WIN32\DEBUG.WIN32\TINYXML.OBJ
E:\0821出版本\TRUNK\DIAMOND\PROJ.WIN32\DEBUG.WIN32\TINYXMLERROR.OBJ
E:\0821出版本\TRUNK\DIAMOND\PROJ.WIN32\DEBUG.WIN32\TINYXMLPARSER.OBJ
E:\0821出版本\TRUNK\DIAMOND\PROJ.WIN32\DEBUG.WIN32\ACTIONNUMTO.OBJ
E:\0821出版本\TRUNK\DIAMOND\PROJ.WIN32\DEBUG.WIN32\ANDROIDDELEGATE.OBJ
E:\0821出版本\TRUNK\DIAMOND\PROJ.WIN32\DEBUG.WIN32\BASELAYER.OBJ
E:\0821出版本\TRUNK\DIAMOND\PROJ.WIN32\DEBUG.WIN32\BEGINNERSGUIDELAYER.OBJ
E:\0821出版本\TRUNK\DIAMOND\PROJ.WIN32\DEBUG.WIN32\BOARDLAYER.OBJ
E:\0821出版本\TRUNK\DIAMOND\PROJ.WIN32\DEBUG.WIN32\CONFIGCOPYSKILL.OBJ
E:\0821出版本\TRUNK\DIAMOND\PROJ.WIN32\DEBUG.WIN32\CONFIGCOPYWAVE.OBJ
E:\0821出版本\TRUNK\DIAMOND\PROJ.WIN32\DEBUG.WIN32\CONFIGMAP.OBJ
E:\0821出版本\TRUNK\DIAMOND\PROJ.WIN32\DEBUG.WIN32\CONFIGMONSTER.OBJ
E:\0821出版本\TRUNK\DIAMOND\PROJ.WIN32\DEBUG.WIN32\CONFIGMONSTERSKILL.OBJ
E:\0821出版本\TRUNK\DIAMOND\PROJ.WIN32\DEBUG.WIN32\CONFIGPROP.OBJ
E:\0821出版本\TRUNK\DIAMOND\PROJ.WIN32\DEBUG.WIN32\CONFIGSPRITESKILL.OBJ
E:\0821出版本\TRUNK\DIAMOND\PROJ.WIN32\DEBUG.WIN32\CONFIGSPRITESKILLSTATUS.OBJ
E:\0821出版本\TRUNK\DIAMOND\PROJ.WIN32\DEBUG.WIN32\CONFIGSTATUSTYPE.OBJ
E:\0821出版本\TRUNK\DIAMOND\PROJ.WIN32\DEBUG.WIN32\CONFIGSTORE.OBJ
E:\0821出版本\TRUNK\DIAMOND\PROJ.WIN32\DEBUG.WIN32\CONFIGTEXT.OBJ
E:\0821出版本\TRUNK\DIAMOND\PROJ.WIN32\DEBUG.WIN32\CONFIGWAVEMONSTER.OBJ
E:\0821出版本\TRUNK\DIAMOND\PROJ.WIN32\DEBUG.WIN32\COPYDATA.OBJ
E:\0821出版本\TRUNK\DIAMOND\PROJ.WIN32\DEBUG.WIN32\DATAPOOL.OBJ
E:\0821出版本\TRUNK\DIAMOND\PROJ.WIN32\DEBUG.WIN32\EFFECTDATA.OBJ
E:\0821出版本\TRUNK\DIAMOND\PROJ.WIN32\DEBUG.WIN32\LOADHELPER.OBJ
E:\0821出版本\TRUNK\DIAMOND\PROJ.WIN32\DEBUG.WIN32\MAPDATA.OBJ
E:\0821出版本\TRUNK\DIAMOND\PROJ.WIN32\DEBUG.WIN32\MAPDATAMANAGER.OBJ
E:\0821出版本\TRUNK\DIAMOND\PROJ.WIN32\DEBUG.WIN32\MONSTERDATAMANAGER.OBJ
E:\0821出版本\TRUNK\DIAMOND\PROJ.WIN32\DEBUG.WIN32\MONSTERDATA.OBJ
E:\0821出版本\TRUNK\DIAMOND\PROJ.WIN32\DEBUG.WIN32\APPDELEGATE.OBJ
E:\0821出版本\TRUNK\DIAMOND\PROJ.WIN32\DEBUG.WIN32\DELTA_TIME.OBJ
E:\0821出版本\TRUNK\DIAMOND\PROJ.WIN32\DEBUG.WIN32\GAME_WIN_EVENT.OBJ
E:\0821出版本\TRUNK\DIAMOND\PROJ.WIN32\DEBUG.WIN32\XML_UTIL.OBJ
E:\0821出版本\TRUNK\DIAMOND\PROJ.WIN32\DEBUG.WIN32\CONFIGCONST.OBJ
E:\0821出版本\TRUNK\DIAMOND\PROJ.WIN32\DEBUG.WIN32\CONFIGCOPY.OBJ
E:\0821出版本\TRUNK\DIAMOND\PROJ.WIN32\DEBUG.WIN32\CONFIGCOPYPROP.OBJ
E:\0821出版本\TRUNK\DIAMOND\PROJ.WIN32\DEBUG.WIN32\VC110.PDB
E:\0821出版本\TRUNK\DEBUG.WIN32\DIAMOND.WIN32.ILK
E:\0821出版本\TRUNK\DEBUG.WIN32\DIAMOND.WIN32.EXE
E:\0821出版本\TRUNK\DEBUG.WIN32\DIAMOND.WIN32.PDB
E:\0821出版本\trunk\Diamond\proj.win32\Debug.win32\ActionNumTo.obj
E:\0821出版本\trunk\Diamond\proj.win32\Debug.win32\androidDelegate.obj
E:\0821出版本\trunk\Diamond\proj.win32\Debug.win32\AppDelegate.obj
E:\0821出版本\trunk\Diamond\proj.win32\Debug.win32\BaseLayer.obj
E:\0821出版本\trunk\Diamond\proj.win32\Debug.win32\BasePlatformCenter.obj
E:\0821出版本\trunk\Diamond\proj.win32\Debug.win32\BeginnersGuideLayer.obj
E:\0821出版本\trunk\Diamond\proj.win32\Debug.win32\BoardLayer.obj
E:\0821出版本\trunk\Diamond\proj.win32\Debug.win32\Button.obj
E:\0821出版本\trunk\Diamond\proj.win32\Debug.win32\BuyPropItemLayer.obj
E:\0821出版本\trunk\Diamond\proj.win32\Debug.win32\BuyPropLayer.obj
E:\0821出版本\trunk\Diamond\proj.win32\Debug.win32\CCGridView.obj
E:\0821出版本\trunk\Diamond\proj.win32\Debug.win32\CCTableViewEx.obj
E:\0821出版本\trunk\Diamond\proj.win32\Debug.win32\ConfigConst.obj
E:\0821出版本\trunk\Diamond\proj.win32\Debug.win32\ConfigCopy.obj
E:\0821出版本\trunk\Diamond\proj.win32\Debug.win32\ConfigCopyProp.obj
E:\0821出版本\trunk\Diamond\proj.win32\Debug.win32\ConfigCopySkill.obj
E:\0821出版本\trunk\Diamond\proj.win32\Debug.win32\ConfigCopyWave.obj
E:\0821出版本\trunk\Diamond\proj.win32\Debug.win32\ConfigMap.obj
E:\0821出版本\trunk\Diamond\proj.win32\Debug.win32\ConfigMonster.obj
E:\0821出版本\trunk\Diamond\proj.win32\Debug.win32\ConfigMonsterSkill.obj
E:\0821出版本\trunk\Diamond\proj.win32\Debug.win32\ConfigProp.obj
E:\0821出版本\trunk\Diamond\proj.win32\Debug.win32\ConfigSpriteSkill.obj
E:\0821出版本\trunk\Diamond\proj.win32\Debug.win32\ConfigSpriteSkillStatus.obj
E:\0821出版本\trunk\Diamond\proj.win32\Debug.win32\ConfigStatusType.obj
E:\0821出版本\trunk\Diamond\proj.win32\Debug.win32\ConfigStore.obj
E:\0821出版本\trunk\Diamond\proj.win32\Debug.win32\ConfigText.obj
E:\0821出版本\trunk\Diamond\proj.win32\Debug.win32\ConfigWaveMonster.obj
E:\0821出版本\trunk\Diamond\proj.win32\Debug.win32\CopyData.obj
E:\0821出版本\trunk\Diamond\proj.win32\Debug.win32\CopyGridViewCell.obj
E:\0821出版本\trunk\Diamond\proj.win32\Debug.win32\CopyLayer.obj
E:\0821出版本\trunk\Diamond\proj.win32\Debug.win32\CopyStar.obj
E:\0821出版本\trunk\Diamond\proj.win32\Debug.win32\DailyRewordLayer.obj
E:\0821出版本\trunk\Diamond\proj.win32\Debug.win32\DataPool.obj
E:\0821出版本\trunk\Diamond\proj.win32\Debug.win32\delta_time.obj
E:\0821出版本\trunk\Diamond\proj.win32\Debug.win32\EffectData.obj
E:\0821出版本\trunk\Diamond\proj.win32\Debug.win32\EffectLayer.obj
E:\0821出版本\trunk\Diamond\proj.win32\Debug.win32\EnergyLayer.obj
E:\0821出版本\trunk\Diamond\proj.win32\Debug.win32\FightScene.obj
E:\0821出版本\trunk\Diamond\proj.win32\Debug.win32\FreeGoldLayer.obj
E:\0821出版本\trunk\Diamond\proj.win32\Debug.win32\GainStar.obj
E:\0821出版本\trunk\Diamond\proj.win32\Debug.win32\GamePlatform.obj
E:\0821出版本\trunk\Diamond\proj.win32\Debug.win32\game_win_event.obj
E:\0821出版本\trunk\Diamond\proj.win32\Debug.win32\GemCellEx.obj
E:\0821出版本\trunk\Diamond\proj.win32\Debug.win32\HpLabel.obj
E:\0821出版本\trunk\Diamond\proj.win32\Debug.win32\LoadHelper.obj
E:\0821出版本\trunk\Diamond\proj.win32\Debug.win32\LoginScene.obj
E:\0821出版本\trunk\Diamond\proj.win32\Debug.win32\LoseLayer.obj
E:\0821出版本\trunk\Diamond\proj.win32\Debug.win32\main.obj
E:\0821出版本\trunk\Diamond\proj.win32\Debug.win32\MainScene.obj
E:\0821出版本\trunk\Diamond\proj.win32\Debug.win32\MapData.obj
E:\0821出版本\trunk\Diamond\proj.win32\Debug.win32\MapDataManager.obj
E:\0821出版本\trunk\Diamond\proj.win32\Debug.win32\MapLayer.obj
E:\0821出版本\trunk\Diamond\proj.win32\Debug.win32\MapTableViewCell.obj
E:\0821出版本\trunk\Diamond\proj.win32\Debug.win32\MenuLayer.obj
E:\0821出版本\trunk\Diamond\proj.win32\Debug.win32\MonsterData.obj
E:\0821出版本\trunk\Diamond\proj.win32\Debug.win32\MonsterDataManager.obj
E:\0821出版本\trunk\Diamond\proj.win32\Debug.win32\MonsterLayer.obj
E:\0821出版本\trunk\Diamond\proj.win32\Debug.win32\MonsterNode.obj
E:\0821出版本\trunk\Diamond\proj.win32\Debug.win32\MusicLayer.obj
E:\0821出版本\trunk\Diamond\proj.win32\Debug.win32\OfficialPlatformCenter.obj
E:\0821出版本\trunk\Diamond\proj.win32\Debug.win32\PropButton.obj
E:\0821出版本\trunk\Diamond\proj.win32\Debug.win32\PropData.obj
E:\0821出版本\trunk\Diamond\proj.win32\Debug.win32\PropLayer.obj
E:\0821出版本\trunk\Diamond\proj.win32\Debug.win32\SceneStatusData.obj
E:\0821出版本\trunk\Diamond\proj.win32\Debug.win32\ShieldLayer.obj
E:\0821出版本\trunk\Diamond\proj.win32\Debug.win32\SkillButton.obj
E:\0821出版本\trunk\Diamond\proj.win32\Debug.win32\SkillLayer.obj
E:\0821出版本\trunk\Diamond\proj.win32\Debug.win32\SoundManager.obj
E:\0821出版本\trunk\Diamond\proj.win32\Debug.win32\SpriteSkillData.obj
E:\0821出版本\trunk\Diamond\proj.win32\Debug.win32\SpriteSkillManager.obj
E:\0821出版本\trunk\Diamond\proj.win32\Debug.win32\StatusData.obj
E:\0821出版本\trunk\Diamond\proj.win32\Debug.win32\StoreChildSprite.obj
E:\0821出版本\trunk\Diamond\proj.win32\Debug.win32\StoreData.obj
E:\0821出版本\trunk\Diamond\proj.win32\Debug.win32\StoreLayer.obj
E:\0821出版本\trunk\Diamond\proj.win32\Debug.win32\StoreTableViewCell.obj
E:\0821出版本\trunk\Diamond\proj.win32\Debug.win32\TimeLayer.obj
E:\0821出版本\trunk\Diamond\proj.win32\Debug.win32\tinystr.obj
E:\0821出版本\trunk\Diamond\proj.win32\Debug.win32\tinyxml.obj
E:\0821出版本\trunk\Diamond\proj.win32\Debug.win32\tinyxmlerror.obj
E:\0821出版本\trunk\Diamond\proj.win32\Debug.win32\tinyxmlparser.obj
E:\0821出版本\trunk\Diamond\proj.win32\Debug.win32\TopLayer.obj
E:\0821出版本\trunk\Diamond\proj.win32\Debug.win32\UserData.obj
E:\0821出版本\trunk\Diamond\proj.win32\Debug.win32\WallHpLayer.obj
E:\0821出版本\trunk\Diamond\proj.win32\Debug.win32\WallLayer.obj
E:\0821出版本\trunk\Diamond\proj.win32\Debug.win32\WaveLabel.obj
E:\0821出版本\trunk\Diamond\proj.win32\Debug.win32\WinLayer.obj
E:\0821出版本\trunk\Diamond\proj.win32\Debug.win32\xml_util.obj
E:\0821出版本\trunk\Diamond\proj.win32\Debug.win32\cl.command.1.tlog
E:\0821出版本\trunk\Diamond\proj.win32\Debug.win32\CL.read.1.tlog
E:\0821出版本\trunk\Diamond\proj.win32\Debug.win32\CL.write.1.tlog
E:\0821出版本\trunk\Diamond\proj.win32\Debug.win32\link-cvtres.read.1.tlog
E:\0821出版本\trunk\Diamond\proj.win32\Debug.win32\link-cvtres.write.1.tlog
E:\0821出版本\trunk\Diamond\proj.win32\Debug.win32\link-mt.read.1.tlog
E:\0821出版本\trunk\Diamond\proj.win32\Debug.win32\link-mt.write.1.tlog
E:\0821出版本\trunk\Diamond\proj.win32\Debug.win32\link-rc.read.1.tlog
E:\0821出版本\trunk\Diamond\proj.win32\Debug.win32\link-rc.write.1.tlog
E:\0821出版本\trunk\Diamond\proj.win32\Debug.win32\link.command.1.tlog
E:\0821出版本\trunk\Diamond\proj.win32\Debug.win32\link.read.1.tlog
E:\0821出版本\trunk\Diamond\proj.win32\Debug.win32\link.write.1.tlog
E:\0821出版本\trunk\Diamond\proj.win32\Debug.win32\vc110.idb
E:\0821出版本\trunk\Diamond\proj.win32\Debug.win32\vc110.pdb
E:\0821出版本\trunk\Debug.win32\Diamond.win32.pdb
E:\0821出版本\trunk\Debug.win32\Diamond.win32.exe
E:\0821出版本\trunk\Debug.win32\Diamond.win32.ilk
