E:\0821出版本\TRUNK\EXTENSIONS\PROJ.WIN32\RELEASE.WIN32\CCNODELOADER.OBJ
E:\0821出版本\TRUNK\EXTENSIONS\PROJ.WIN32\RELEASE.WIN32\CCNODE+CCBRELATIVEPOSITIONING.OBJ
E:\0821出版本\TRUNK\EXTENSIONS\PROJ.WIN32\RELEASE.WIN32\CCMENUITEMLOADER.OBJ
E:\0821出版本\TRUNK\EXTENSIONS\PROJ.WIN32\RELEASE.WIN32\CCMENUITEMIMAGELOADER.OBJ
E:\0821出版本\TRUNK\EXTENSIONS\PROJ.WIN32\RELEASE.WIN32\CCLAYERLOADER.OBJ
E:\0821出版本\TRUNK\EXTENSIONS\PROJ.WIN32\RELEASE.WIN32\CCLAYERGRADIENTLOADER.OBJ
E:\0821出版本\TRUNK\EXTENSIONS\PROJ.WIN32\RELEASE.WIN32\CCLAYERCOLORLOADER.OBJ
E:\0821出版本\TRUNK\EXTENSIONS\PROJ.WIN32\RELEASE.WIN32\CCLABELTTFLOADER.OBJ
E:\0821出版本\TRUNK\EXTENSIONS\PROJ.WIN32\RELEASE.WIN32\CCLABELBMFONTLOADER.OBJ
E:\0821出版本\TRUNK\EXTENSIONS\PROJ.WIN32\RELEASE.WIN32\CCDATA.OBJ
E:\0821出版本\TRUNK\EXTENSIONS\PROJ.WIN32\RELEASE.WIN32\CCCONTROLLOADER.OBJ
E:\0821出版本\TRUNK\EXTENSIONS\PROJ.WIN32\RELEASE.WIN32\CCCONTROLBUTTONLOADER.OBJ
E:\0821出版本\TRUNK\EXTENSIONS\PROJ.WIN32\RELEASE.WIN32\CCBVALUE.OBJ
E:\0821出版本\TRUNK\EXTENSIONS\PROJ.WIN32\RELEASE.WIN32\CCBSEQUENCEPROPERTY.OBJ
E:\0821出版本\TRUNK\EXTENSIONS\PROJ.WIN32\RELEASE.WIN32\CCBSEQUENCE.OBJ
E:\0821出版本\TRUNK\EXTENSIONS\PROJ.WIN32\RELEASE.WIN32\CCBREADER.OBJ
E:\0821出版本\TRUNK\EXTENSIONS\PROJ.WIN32\RELEASE.WIN32\CCBKEYFRAME.OBJ
E:\0821出版本\TRUNK\EXTENSIONS\PROJ.WIN32\RELEASE.WIN32\CCBFILELOADER.OBJ
E:\0821出版本\TRUNK\EXTENSIONS\PROJ.WIN32\RELEASE.WIN32\CCBANIMATIONMANAGER.OBJ
E:\0821出版本\TRUNK\EXTENSIONS\PROJ.WIN32\RELEASE.WIN32\ASSETSMANAGER.OBJ
E:\0821出版本\TRUNK\EXTENSIONS\PROJ.WIN32\RELEASE.WIN32\CCSCROLLVIEW.OBJ
E:\0821出版本\TRUNK\EXTENSIONS\PROJ.WIN32\RELEASE.WIN32\CCEDITBOXIMPLWIN.OBJ
E:\0821出版本\TRUNK\EXTENSIONS\PROJ.WIN32\RELEASE.WIN32\CCEDITBOX.OBJ
E:\0821出版本\TRUNK\EXTENSIONS\PROJ.WIN32\RELEASE.WIN32\CCSCALE9SPRITE.OBJ
E:\0821出版本\TRUNK\EXTENSIONS\PROJ.WIN32\RELEASE.WIN32\CCINVOCATION.OBJ
E:\0821出版本\TRUNK\EXTENSIONS\PROJ.WIN32\RELEASE.WIN32\CCCONTROLUTILS.OBJ
E:\0821出版本\TRUNK\EXTENSIONS\PROJ.WIN32\RELEASE.WIN32\CCCONTROLSWITCH.OBJ
E:\0821出版本\TRUNK\EXTENSIONS\PROJ.WIN32\RELEASE.WIN32\CCCONTROLSTEPPER.OBJ
E:\0821出版本\TRUNK\EXTENSIONS\PROJ.WIN32\RELEASE.WIN32\CCCONTROLSLIDER.OBJ
E:\0821出版本\TRUNK\EXTENSIONS\PROJ.WIN32\RELEASE.WIN32\CCCONTROLSATURATIONBRIGHTNESSPICKER.OBJ
E:\0821出版本\TRUNK\EXTENSIONS\PROJ.WIN32\RELEASE.WIN32\CCCONTROLPOTENTIOMETER.OBJ
E:\0821出版本\TRUNK\EXTENSIONS\PROJ.WIN32\RELEASE.WIN32\CCCONTROLHUEPICKER.OBJ
E:\0821出版本\TRUNK\EXTENSIONS\PROJ.WIN32\RELEASE.WIN32\CCCONTROLCOLOURPICKER.OBJ
E:\0821出版本\TRUNK\EXTENSIONS\PROJ.WIN32\RELEASE.WIN32\CCCONTROLBUTTON.OBJ
E:\0821出版本\TRUNK\EXTENSIONS\PROJ.WIN32\RELEASE.WIN32\CCCONTROL.OBJ
E:\0821出版本\TRUNK\EXTENSIONS\PROJ.WIN32\RELEASE.WIN32\CCSPRITELOADER.OBJ
E:\0821出版本\TRUNK\EXTENSIONS\PROJ.WIN32\RELEASE.WIN32\CCSCROLLVIEWLOADER.OBJ
E:\0821出版本\TRUNK\EXTENSIONS\PROJ.WIN32\RELEASE.WIN32\CCSCALE9SPRITELOADER.OBJ
E:\0821出版本\TRUNK\EXTENSIONS\PROJ.WIN32\RELEASE.WIN32\CCPARTICLESYSTEMQUADLOADER.OBJ
E:\0821出版本\TRUNK\EXTENSIONS\PROJ.WIN32\RELEASE.WIN32\CCNODELOADERLIBRARY.OBJ
E:\0821出版本\TRUNK\EXTENSIONS\PROJ.WIN32\RELEASE.WIN32\WIN32INPUTBOX.OBJ
E:\0821出版本\TRUNK\EXTENSIONS\PROJ.WIN32\RELEASE.WIN32\CCPHYSICSSPRITE.OBJ
E:\0821出版本\TRUNK\EXTENSIONS\PROJ.WIN32\RELEASE.WIN32\CCPHYSICSDEBUGNODE.OBJ
E:\0821出版本\TRUNK\EXTENSIONS\PROJ.WIN32\RELEASE.WIN32\HTTPCLIENT.OBJ
E:\0821出版本\TRUNK\EXTENSIONS\PROJ.WIN32\RELEASE.WIN32\LOCALSTORAGE.OBJ
E:\0821出版本\TRUNK\EXTENSIONS\PROJ.WIN32\RELEASE.WIN32\CCTABLEVIEWCELL.OBJ
E:\0821出版本\TRUNK\EXTENSIONS\PROJ.WIN32\RELEASE.WIN32\CCTABLEVIEW.OBJ
E:\0821出版本\TRUNK\EXTENSIONS\PROJ.WIN32\RELEASE.WIN32\CCSORTING.OBJ
E:\0821出版本\TRUNK\EXTENSIONS\PROJ.WIN32\RELEASE.WIN32\VC110.PDB
E:\0821出版本\TRUNK\RELEASE.WIN32\LIBEXTENSIONS.LIB
E:\0821出版本\trunk\extensions\proj.win32\Release.win32\AssetsManager.obj
E:\0821出版本\trunk\extensions\proj.win32\Release.win32\CCBAnimationManager.obj
E:\0821出版本\trunk\extensions\proj.win32\Release.win32\CCBFileLoader.obj
E:\0821出版本\trunk\extensions\proj.win32\Release.win32\CCBKeyframe.obj
E:\0821出版本\trunk\extensions\proj.win32\Release.win32\CCBReader.obj
E:\0821出版本\trunk\extensions\proj.win32\Release.win32\CCBSequence.obj
E:\0821出版本\trunk\extensions\proj.win32\Release.win32\CCBSequenceProperty.obj
E:\0821出版本\trunk\extensions\proj.win32\Release.win32\CCBValue.obj
E:\0821出版本\trunk\extensions\proj.win32\Release.win32\CCControl.obj
E:\0821出版本\trunk\extensions\proj.win32\Release.win32\CCControlButton.obj
E:\0821出版本\trunk\extensions\proj.win32\Release.win32\CCControlButtonLoader.obj
E:\0821出版本\trunk\extensions\proj.win32\Release.win32\CCControlColourPicker.obj
E:\0821出版本\trunk\extensions\proj.win32\Release.win32\CCControlHuePicker.obj
E:\0821出版本\trunk\extensions\proj.win32\Release.win32\CCControlLoader.obj
E:\0821出版本\trunk\extensions\proj.win32\Release.win32\CCControlPotentiometer.obj
E:\0821出版本\trunk\extensions\proj.win32\Release.win32\CCControlSaturationBrightnessPicker.obj
E:\0821出版本\trunk\extensions\proj.win32\Release.win32\CCControlSlider.obj
E:\0821出版本\trunk\extensions\proj.win32\Release.win32\CCControlStepper.obj
E:\0821出版本\trunk\extensions\proj.win32\Release.win32\CCControlSwitch.obj
E:\0821出版本\trunk\extensions\proj.win32\Release.win32\CCControlUtils.obj
E:\0821出版本\trunk\extensions\proj.win32\Release.win32\CCData.obj
E:\0821出版本\trunk\extensions\proj.win32\Release.win32\CCEditBox.obj
E:\0821出版本\trunk\extensions\proj.win32\Release.win32\CCEditBoxImplWin.obj
E:\0821出版本\trunk\extensions\proj.win32\Release.win32\CCInvocation.obj
E:\0821出版本\trunk\extensions\proj.win32\Release.win32\CCLabelBMFontLoader.obj
E:\0821出版本\trunk\extensions\proj.win32\Release.win32\CCLabelTTFLoader.obj
E:\0821出版本\trunk\extensions\proj.win32\Release.win32\CCLayerColorLoader.obj
E:\0821出版本\trunk\extensions\proj.win32\Release.win32\CCLayerGradientLoader.obj
E:\0821出版本\trunk\extensions\proj.win32\Release.win32\CCLayerLoader.obj
E:\0821出版本\trunk\extensions\proj.win32\Release.win32\CCMenuItemImageLoader.obj
E:\0821出版本\trunk\extensions\proj.win32\Release.win32\CCMenuItemLoader.obj
E:\0821出版本\trunk\extensions\proj.win32\Release.win32\CCNode+CCBRelativePositioning.obj
E:\0821出版本\trunk\extensions\proj.win32\Release.win32\CCNodeLoader.obj
E:\0821出版本\trunk\extensions\proj.win32\Release.win32\CCNodeLoaderLibrary.obj
E:\0821出版本\trunk\extensions\proj.win32\Release.win32\CCParticleSystemQuadLoader.obj
E:\0821出版本\trunk\extensions\proj.win32\Release.win32\CCPhysicsDebugNode.obj
E:\0821出版本\trunk\extensions\proj.win32\Release.win32\CCPhysicsSprite.obj
E:\0821出版本\trunk\extensions\proj.win32\Release.win32\CCScale9Sprite.obj
E:\0821出版本\trunk\extensions\proj.win32\Release.win32\CCScale9SpriteLoader.obj
E:\0821出版本\trunk\extensions\proj.win32\Release.win32\CCScrollView.obj
E:\0821出版本\trunk\extensions\proj.win32\Release.win32\CCScrollViewLoader.obj
E:\0821出版本\trunk\extensions\proj.win32\Release.win32\CCSorting.obj
E:\0821出版本\trunk\extensions\proj.win32\Release.win32\CCSpriteLoader.obj
E:\0821出版本\trunk\extensions\proj.win32\Release.win32\CCTableView.obj
E:\0821出版本\trunk\extensions\proj.win32\Release.win32\CCTableViewCell.obj
E:\0821出版本\trunk\extensions\proj.win32\Release.win32\HttpClient.obj
E:\0821出版本\trunk\extensions\proj.win32\Release.win32\LocalStorage.obj
E:\0821出版本\trunk\extensions\proj.win32\Release.win32\Win32InputBox.obj
E:\0821出版本\trunk\extensions\proj.win32\Release.win32\cl.command.1.tlog
E:\0821出版本\trunk\extensions\proj.win32\Release.win32\CL.read.1.tlog
E:\0821出版本\trunk\extensions\proj.win32\Release.win32\CL.write.1.tlog
E:\0821出版本\trunk\extensions\proj.win32\Release.win32\Lib-link.read.1.tlog
E:\0821出版本\trunk\extensions\proj.win32\Release.win32\Lib-link.write.1.tlog
E:\0821出版本\trunk\extensions\proj.win32\Release.win32\lib.command.1.tlog
E:\0821出版本\trunk\extensions\proj.win32\Release.win32\vc110.pdb
E:\0821出版本\trunk\Release.win32\libExtensions.lib
