E:\0821出版本\TRUNK\COCOSDENSHION\PROJ.WIN32\RELEASE.WIN32\SIMPLEAUDIOENGINE.OBJ
E:\0821出版本\TRUNK\COCOSDENSHION\PROJ.WIN32\RELEASE.WIN32\MCIPLAYER.OBJ
E:\0821出版本\TRUNK\COCOSDENSHION\PROJ.WIN32\RELEASE.WIN32\VC110.PDB
E:\0821出版本\trunk\Release.win32\libCocosDenshion.lib
E:\0821出版本\trunk\Release.win32\libCocosDenshion.exp
E:\0821出版本\TRUNK\RELEASE.WIN32\LIBCOCOSDENSHION.DLL
E:\0821出版本\TRUNK\RELEASE.WIN32\LIBCOCOSDENSHION.PDB
E:\0821出版本\trunk\CocosDenshion\proj.win32\Release.win32\MciPlayer.obj
E:\0821出版本\trunk\CocosDenshion\proj.win32\Release.win32\SimpleAudioEngine.obj
E:\0821出版本\trunk\CocosDenshion\proj.win32\Release.win32\cl.command.1.tlog
E:\0821出版本\trunk\CocosDenshion\proj.win32\Release.win32\CL.read.1.tlog
E:\0821出版本\trunk\CocosDenshion\proj.win32\Release.win32\CL.write.1.tlog
E:\0821出版本\trunk\CocosDenshion\proj.win32\Release.win32\libCocosDenshion.write.1.tlog
E:\0821出版本\trunk\CocosDenshion\proj.win32\Release.win32\link-cvtres.read.1.tlog
E:\0821出版本\trunk\CocosDenshion\proj.win32\Release.win32\link-cvtres.write.1.tlog
E:\0821出版本\trunk\CocosDenshion\proj.win32\Release.win32\link-rc.read.1.tlog
E:\0821出版本\trunk\CocosDenshion\proj.win32\Release.win32\link-rc.write.1.tlog
E:\0821出版本\trunk\CocosDenshion\proj.win32\Release.win32\link.command.1.tlog
E:\0821出版本\trunk\CocosDenshion\proj.win32\Release.win32\link.read.1.tlog
E:\0821出版本\trunk\CocosDenshion\proj.win32\Release.win32\link.write.1.tlog
E:\0821出版本\trunk\CocosDenshion\proj.win32\Release.win32\vc110.pdb
E:\0821出版本\trunk\Release.win32\libCocosDenshion.pdb
E:\0821出版本\trunk\Release.win32\libCocosDenshion.dll
